This is pdfTeX, Version 3.1415926-2.5-1.40.14 (TeX Live 2013/Debian) (format=pdflatex 2014.8.12)  8 MAR 2015 22:09
entering extended mode
 restricted \write18 enabled.
 %&-line parsing enabled.
**Securcom.tex
(./Securcom.tex
LaTeX2e <2011/06/27>
Babel <3.9h> and hyphenation patterns for 4 languages loaded.
(/usr/share/texlive/texmf-dist/tex/latex/IEEEtran/IEEEtran.cls
Document Class: IEEEtran 2012/12/27 V1.8 by Michael Shell
-- See the "IEEEtran_HOWTO" manual for usage information.
-- http://www.michaelshell.org/tex/ieeetran/
\@IEEEtrantmpdimenA=\dimen102
\@IEEEtrantmpdimenB=\dimen103
\@IEEEtrantmpcountA=\count79
\@IEEEtrantmpcountB=\count80
\@IEEEtrantmptoksA=\toks14
LaTeX Font Info:    Try loading font information for OT1+ptm on input line 368.

(/usr/share/texlive/texmf-dist/tex/latex/psnfss/ot1ptm.fd
File: ot1ptm.fd 2001/06/04 font definitions for OT1/ptm.
)
-- Using 8.5in x 11in (letter) paper.
-- Using PDF output.
\@IEEEnormalsizeunitybaselineskip=\dimen104
-- This is a 10 point document.
\CLASSINFOnormalsizebaselineskip=\dimen105
\CLASSINFOnormalsizeunitybaselineskip=\dimen106
\IEEEnormaljot=\dimen107
LaTeX Font Info:    Font shape `OT1/ptm/bx/n' in size <5> not available
(Font)              Font shape `OT1/ptm/b/n' tried instead on input line 726.
LaTeX Font Info:    Font shape `OT1/ptm/bx/it' in size <5> not available
(Font)              Font shape `OT1/ptm/b/it' tried instead on input line 726.
LaTeX Font Info:    Font shape `OT1/ptm/bx/n' in size <7> not available
(Font)              Font shape `OT1/ptm/b/n' tried instead on input line 726.
LaTeX Font Info:    Font shape `OT1/ptm/bx/it' in size <7> not available
(Font)              Font shape `OT1/ptm/b/it' tried instead on input line 726.
LaTeX Font Info:    Font shape `OT1/ptm/bx/n' in size <8> not available
(Font)              Font shape `OT1/ptm/b/n' tried instead on input line 726.
LaTeX Font Info:    Font shape `OT1/ptm/bx/it' in size <8> not available
(Font)              Font shape `OT1/ptm/b/it' tried instead on input line 726.
LaTeX Font Info:    Font shape `OT1/ptm/bx/n' in size <9> not available
(Font)              Font shape `OT1/ptm/b/n' tried instead on input line 726.
LaTeX Font Info:    Font shape `OT1/ptm/bx/it' in size <9> not available
(Font)              Font shape `OT1/ptm/b/it' tried instead on input line 726.
LaTeX Font Info:    Font shape `OT1/ptm/bx/n' in size <10> not available
(Font)              Font shape `OT1/ptm/b/n' tried instead on input line 726.
LaTeX Font Info:    Font shape `OT1/ptm/bx/it' in size <10> not available
(Font)              Font shape `OT1/ptm/b/it' tried instead on input line 726.
LaTeX Font Info:    Font shape `OT1/ptm/bx/n' in size <11> not available
(Font)              Font shape `OT1/ptm/b/n' tried instead on input line 726.
LaTeX Font Info:    Font shape `OT1/ptm/bx/it' in size <11> not available
(Font)              Font shape `OT1/ptm/b/it' tried instead on input line 726.
LaTeX Font Info:    Font shape `OT1/ptm/bx/n' in size <12> not available
(Font)              Font shape `OT1/ptm/b/n' tried instead on input line 726.
LaTeX Font Info:    Font shape `OT1/ptm/bx/it' in size <12> not available
(Font)              Font shape `OT1/ptm/b/it' tried instead on input line 726.
LaTeX Font Info:    Font shape `OT1/ptm/bx/n' in size <17> not available
(Font)              Font shape `OT1/ptm/b/n' tried instead on input line 726.
LaTeX Font Info:    Font shape `OT1/ptm/bx/it' in size <17> not available
(Font)              Font shape `OT1/ptm/b/it' tried instead on input line 726.
LaTeX Font Info:    Font shape `OT1/ptm/bx/n' in size <20> not available
(Font)              Font shape `OT1/ptm/b/n' tried instead on input line 726.
LaTeX Font Info:    Font shape `OT1/ptm/bx/it' in size <20> not available
(Font)              Font shape `OT1/ptm/b/it' tried instead on input line 726.
LaTeX Font Info:    Font shape `OT1/ptm/bx/n' in size <24> not available
(Font)              Font shape `OT1/ptm/b/n' tried instead on input line 726.
LaTeX Font Info:    Font shape `OT1/ptm/bx/it' in size <24> not available
(Font)              Font shape `OT1/ptm/b/it' tried instead on input line 726.
\IEEEilabelindentA=\dimen108
\IEEEilabelindentB=\dimen109
\IEEEilabelindent=\dimen110
\IEEEelabelindent=\dimen111
\IEEEdlabelindent=\dimen112
\IEEElabelindent=\dimen113
\IEEEiednormlabelsep=\dimen114
\IEEEiedmathlabelsep=\dimen115
\IEEEiedtopsep=\skip41
\c@section=\count81
\c@subsection=\count82
\c@subsubsection=\count83
\c@paragraph=\count84
\c@IEEEsubequation=\count85
\abovecaptionskip=\skip42
\belowcaptionskip=\skip43
\c@figure=\count86
\c@table=\count87
\@IEEEeqnnumcols=\count88
\@IEEEeqncolcnt=\count89
\@IEEEsubeqnnumrollback=\count90
\@IEEEtmpitemindent=\dimen116
\c@IEEEbiography=\count91
\@IEEEtranrubishbin=\box26
) (/usr/share/texlive/texmf-dist/tex/latex/graphics/graphicx.sty
Package: graphicx 1999/02/16 v1.0f Enhanced LaTeX Graphics (DPC,SPQR)

(/usr/share/texlive/texmf-dist/tex/latex/graphics/keyval.sty
Package: keyval 1999/03/16 v1.13 key=value parser (DPC)
\KV@toks@=\toks15
)
(/usr/share/texlive/texmf-dist/tex/latex/graphics/graphics.sty
Package: graphics 2009/02/05 v1.0o Standard LaTeX Graphics (DPC,SPQR)

(/usr/share/texlive/texmf-dist/tex/latex/graphics/trig.sty
Package: trig 1999/03/16 v1.09 sin cos tan (DPC)
)
(/usr/share/texlive/texmf-dist/tex/latex/latexconfig/graphics.cfg
File: graphics.cfg 2010/04/23 v1.9 graphics configuration of TeX Live
)
Package graphics Info: Driver file: pdftex.def on input line 91.

(/usr/share/texlive/texmf-dist/tex/latex/pdftex-def/pdftex.def
File: pdftex.def 2011/05/27 v0.06d Graphics/color for pdfTeX

(/usr/share/texlive/texmf-dist/tex/generic/oberdiek/infwarerr.sty
Package: infwarerr 2010/04/08 v1.3 Providing info/warning/error messages (HO)
)
(/usr/share/texlive/texmf-dist/tex/generic/oberdiek/ltxcmds.sty
Package: ltxcmds 2011/11/09 v1.22 LaTeX kernel commands for general use (HO)
)
\Gread@gobject=\count92
))
\Gin@req@height=\dimen117
\Gin@req@width=\dimen118
)
(/usr/share/texlive/texmf-dist/tex/latex/algorithms/algorithm.sty
Package: algorithm 2009/08/24 v0.1 Document Style `algorithm' - floating enviro
nment

(/usr/share/texlive/texmf-dist/tex/latex/float/float.sty
Package: float 2001/11/08 v1.3d Float enhancements (AL)
\c@float@type=\count93
\float@exts=\toks16
\float@box=\box27
\@float@everytoks=\toks17
\@floatcapt=\box28
)
(/usr/share/texlive/texmf-dist/tex/latex/base/ifthen.sty
Package: ifthen 2001/05/26 v1.1c Standard LaTeX ifthen package (DPC)
)
\@float@every@algorithm=\toks18
\c@algorithm=\count94
)
(/usr/share/texlive/texmf-dist/tex/latex/algorithmicx/algpseudocode.sty
Package: algpseudocode 

(/usr/share/texlive/texmf-dist/tex/latex/algorithmicx/algorithmicx.sty
Package: algorithmicx 2005/04/27 v1.2 Algorithmicx

Document Style algorithmicx 1.2 - a greatly improved `algorithmic' style
\c@ALG@line=\count95
\c@ALG@rem=\count96
\c@ALG@nested=\count97
\ALG@tlm=\skip44
\ALG@thistlm=\skip45
\c@ALG@Lnr=\count98
\c@ALG@blocknr=\count99
\c@ALG@storecount=\count100
\c@ALG@tmpcounter=\count101
\ALG@tmplength=\skip46
)
Document Style - pseudocode environments for use with the `algorithmicx' style
) (/usr/share/texlive/texmf-dist/tex/latex/subfigure/subfigure.sty
Package: subfigure 2002/03/15 v2.1.5 subfigure package
\subfigtopskip=\skip47
\subfigcapskip=\skip48
\subfigcaptopadj=\dimen119
\subfigbottomskip=\skip49
\subfigcapmargin=\dimen120
\subfiglabelskip=\skip50
\c@subfigure=\count102
\c@lofdepth=\count103
\c@subtable=\count104
\c@lotdepth=\count105

****************************************
* Local config file subfigure.cfg used *
****************************************
(/usr/share/texlive/texmf-dist/tex/latex/subfigure/subfigure.cfg)
\subfig@top=\skip51
\subfig@bottom=\skip52
)
(/usr/share/texlive/texmf-dist/tex/latex/amsmath/amsmath.sty
Package: amsmath 2013/01/14 v2.14 AMS math features
\@mathmargin=\skip53

For additional information on amsmath, use the `?' option.
(/usr/share/texlive/texmf-dist/tex/latex/amsmath/amstext.sty
Package: amstext 2000/06/29 v2.01

(/usr/share/texlive/texmf-dist/tex/latex/amsmath/amsgen.sty
File: amsgen.sty 1999/11/30 v2.0
\@emptytoks=\toks19
\ex@=\dimen121
))
(/usr/share/texlive/texmf-dist/tex/latex/amsmath/amsbsy.sty
Package: amsbsy 1999/11/29 v1.2d
\pmbraise@=\dimen122
)
(/usr/share/texlive/texmf-dist/tex/latex/amsmath/amsopn.sty
Package: amsopn 1999/12/14 v2.01 operator names
)
\inf@bad=\count106
LaTeX Info: Redefining \frac on input line 210.
\uproot@=\count107
\leftroot@=\count108
LaTeX Info: Redefining \overline on input line 306.
\classnum@=\count109
\DOTSCASE@=\count110
LaTeX Info: Redefining \ldots on input line 378.
LaTeX Info: Redefining \dots on input line 381.
LaTeX Info: Redefining \cdots on input line 466.
\Mathstrutbox@=\box29
\strutbox@=\box30
\big@size=\dimen123
LaTeX Font Info:    Redeclaring font encoding OML on input line 566.
LaTeX Font Info:    Redeclaring font encoding OMS on input line 567.
\macc@depth=\count111
\c@MaxMatrixCols=\count112
\dotsspace@=\muskip10
\c@parentequation=\count113
\dspbrk@lvl=\count114
\tag@help=\toks20
\row@=\count115
\column@=\count116
\maxfields@=\count117
\andhelp@=\toks21
\eqnshift@=\dimen124
\alignsep@=\dimen125
\tagshift@=\dimen126
\tagwidth@=\dimen127
\totwidth@=\dimen128
\lineht@=\dimen129
\@envbody=\toks22
\multlinegap=\skip54
\multlinetaggap=\skip55
\mathdisplay@stack=\toks23
LaTeX Info: Redefining \[ on input line 2665.
LaTeX Info: Redefining \] on input line 2666.
)
(/usr/share/texlive/texmf-dist/tex/latex/amsfonts/amsfonts.sty
Package: amsfonts 2013/01/14 v3.01 Basic AMSFonts support
\symAMSa=\mathgroup4
\symAMSb=\mathgroup5
LaTeX Font Info:    Overwriting math alphabet `\mathfrak' in version `bold'
(Font)                  U/euf/m/n --> U/euf/b/n on input line 106.
)
(/usr/share/texlive/texmf-dist/tex/latex/amsfonts/amssymb.sty
Package: amssymb 2013/01/14 v3.01 AMS font symbols
)
(/usr/share/texlive/texmf-dist/tex/latex/url/url.sty
\Urlmuskip=\muskip11
Package: url 2013/09/16  ver 3.4  Verb mode for urls, etc.
)
(/usr/share/texlive/texmf-dist/tex/latex/cite/cite.sty
LaTeX Info: Redefining \cite on input line 302.
LaTeX Info: Redefining \nocite on input line 373.
Package: cite 2010/09/10  v 5.3
)
(/usr/share/texlive/texmf-dist/tex/latex/graphics/epsfig.sty
Package: epsfig 1999/02/16 v1.7a (e)psfig emulation (SPQR)
\epsfxsize=\dimen130
\epsfysize=\dimen131
)
(/usr/share/texlive/texmf-dist/tex/latex/base/textcomp.sty
Package: textcomp 2005/09/27 v1.99g Standard LaTeX package
Package textcomp Info: Sub-encoding information:
(textcomp)               5 = only ISO-Adobe without \textcurrency
(textcomp)               4 = 5 + \texteuro
(textcomp)               3 = 4 + \textohm
(textcomp)               2 = 3 + \textestimated + \textcurrency
(textcomp)               1 = TS1 - \textcircled - \t
(textcomp)               0 = TS1 (full)
(textcomp)             Font families with sub-encoding setting implement
(textcomp)             only a restricted character set as indicated.
(textcomp)             Family '?' is the default used for unknown fonts.
(textcomp)             See the documentation for details.
Package textcomp Info: Setting ? sub-encoding to TS1/1 on input line 71.

(/usr/share/texlive/texmf-dist/tex/latex/base/ts1enc.def
File: ts1enc.def 2001/06/05 v3.0e (jk/car/fm) Standard LaTeX file
)
LaTeX Info: Redefining \oldstylenums on input line 266.
Package textcomp Info: Setting cmr sub-encoding to TS1/0 on input line 281.
Package textcomp Info: Setting cmss sub-encoding to TS1/0 on input line 282.
Package textcomp Info: Setting cmtt sub-encoding to TS1/0 on input line 283.
Package textcomp Info: Setting cmvtt sub-encoding to TS1/0 on input line 284.
Package textcomp Info: Setting cmbr sub-encoding to TS1/0 on input line 285.
Package textcomp Info: Setting cmtl sub-encoding to TS1/0 on input line 286.
Package textcomp Info: Setting ccr sub-encoding to TS1/0 on input line 287.
Package textcomp Info: Setting ptm sub-encoding to TS1/4 on input line 288.
Package textcomp Info: Setting pcr sub-encoding to TS1/4 on input line 289.
Package textcomp Info: Setting phv sub-encoding to TS1/4 on input line 290.
Package textcomp Info: Setting ppl sub-encoding to TS1/3 on input line 291.
Package textcomp Info: Setting pag sub-encoding to TS1/4 on input line 292.
Package textcomp Info: Setting pbk sub-encoding to TS1/4 on input line 293.
Package textcomp Info: Setting pnc sub-encoding to TS1/4 on input line 294.
Package textcomp Info: Setting pzc sub-encoding to TS1/4 on input line 295.
Package textcomp Info: Setting bch sub-encoding to TS1/4 on input line 296.
Package textcomp Info: Setting put sub-encoding to TS1/5 on input line 297.
Package textcomp Info: Setting uag sub-encoding to TS1/5 on input line 298.
Package textcomp Info: Setting ugq sub-encoding to TS1/5 on input line 299.
Package textcomp Info: Setting ul8 sub-encoding to TS1/4 on input line 300.
Package textcomp Info: Setting ul9 sub-encoding to TS1/4 on input line 301.
Package textcomp Info: Setting augie sub-encoding to TS1/5 on input line 302.
Package textcomp Info: Setting dayrom sub-encoding to TS1/3 on input line 303.
Package textcomp Info: Setting dayroms sub-encoding to TS1/3 on input line 304.

Package textcomp Info: Setting pxr sub-encoding to TS1/0 on input line 305.
Package textcomp Info: Setting pxss sub-encoding to TS1/0 on input line 306.
Package textcomp Info: Setting pxtt sub-encoding to TS1/0 on input line 307.
Package textcomp Info: Setting txr sub-encoding to TS1/0 on input line 308.
Package textcomp Info: Setting txss sub-encoding to TS1/0 on input line 309.
Package textcomp Info: Setting txtt sub-encoding to TS1/0 on input line 310.
Package textcomp Info: Setting lmr sub-encoding to TS1/0 on input line 311.
Package textcomp Info: Setting lmdh sub-encoding to TS1/0 on input line 312.
Package textcomp Info: Setting lmss sub-encoding to TS1/0 on input line 313.
Package textcomp Info: Setting lmssq sub-encoding to TS1/0 on input line 314.
Package textcomp Info: Setting lmvtt sub-encoding to TS1/0 on input line 315.
Package textcomp Info: Setting qhv sub-encoding to TS1/0 on input line 316.
Package textcomp Info: Setting qag sub-encoding to TS1/0 on input line 317.
Package textcomp Info: Setting qbk sub-encoding to TS1/0 on input line 318.
Package textcomp Info: Setting qcr sub-encoding to TS1/0 on input line 319.
Package textcomp Info: Setting qcs sub-encoding to TS1/0 on input line 320.
Package textcomp Info: Setting qpl sub-encoding to TS1/0 on input line 321.
Package textcomp Info: Setting qtm sub-encoding to TS1/0 on input line 322.
Package textcomp Info: Setting qzc sub-encoding to TS1/0 on input line 323.
Package textcomp Info: Setting qhvc sub-encoding to TS1/0 on input line 324.
Package textcomp Info: Setting futs sub-encoding to TS1/4 on input line 325.
Package textcomp Info: Setting futx sub-encoding to TS1/4 on input line 326.
Package textcomp Info: Setting futj sub-encoding to TS1/4 on input line 327.
Package textcomp Info: Setting hlh sub-encoding to TS1/3 on input line 328.
Package textcomp Info: Setting hls sub-encoding to TS1/3 on input line 329.
Package textcomp Info: Setting hlst sub-encoding to TS1/3 on input line 330.
Package textcomp Info: Setting hlct sub-encoding to TS1/5 on input line 331.
Package textcomp Info: Setting hlx sub-encoding to TS1/5 on input line 332.
Package textcomp Info: Setting hlce sub-encoding to TS1/5 on input line 333.
Package textcomp Info: Setting hlcn sub-encoding to TS1/5 on input line 334.
Package textcomp Info: Setting hlcw sub-encoding to TS1/5 on input line 335.
Package textcomp Info: Setting hlcf sub-encoding to TS1/5 on input line 336.
Package textcomp Info: Setting pplx sub-encoding to TS1/3 on input line 337.
Package textcomp Info: Setting pplj sub-encoding to TS1/3 on input line 338.
Package textcomp Info: Setting ptmx sub-encoding to TS1/4 on input line 339.
Package textcomp Info: Setting ptmj sub-encoding to TS1/4 on input line 340.
)
(/usr/share/texlive/texmf-dist/tex/latex/base/fontenc.sty
Package: fontenc 2005/09/27 v1.99g Standard LaTeX package

(/usr/share/texlive/texmf-dist/tex/latex/base/t1enc.def
File: t1enc.def 2005/09/27 v1.99g Standard LaTeX file
LaTeX Font Info:    Redeclaring font encoding T1 on input line 43.
)
LaTeX Font Info:    Try loading font information for T1+ptm on input line 100.

(/usr/share/texlive/texmf-dist/tex/latex/psnfss/t1ptm.fd
File: t1ptm.fd 2001/06/04 font definitions for T1/ptm.
)) (./Securcom.aux)
\openout1 = `Securcom.aux'.

LaTeX Font Info:    Checking defaults for OML/cmm/m/it on input line 371.
LaTeX Font Info:    ... okay on input line 371.
LaTeX Font Info:    Checking defaults for T1/cmr/m/n on input line 371.
LaTeX Font Info:    ... okay on input line 371.
LaTeX Font Info:    Checking defaults for OT1/cmr/m/n on input line 371.
LaTeX Font Info:    ... okay on input line 371.
LaTeX Font Info:    Checking defaults for OMS/cmsy/m/n on input line 371.
LaTeX Font Info:    ... okay on input line 371.
LaTeX Font Info:    Checking defaults for OMX/cmex/m/n on input line 371.
LaTeX Font Info:    ... okay on input line 371.
LaTeX Font Info:    Checking defaults for U/cmr/m/n on input line 371.
LaTeX Font Info:    ... okay on input line 371.
LaTeX Font Info:    Checking defaults for TS1/cmr/m/n on input line 371.
LaTeX Font Info:    Try loading font information for TS1+cmr on input line 371.


(/usr/share/texlive/texmf-dist/tex/latex/base/ts1cmr.fd
File: ts1cmr.fd 1999/05/25 v2.5h Standard LaTeX font definitions
)
LaTeX Font Info:    ... okay on input line 371.
LaTeX Font Info:    Font shape `T1/ptm/bx/n' in size <5> not available
(Font)              Font shape `T1/ptm/b/n' tried instead on input line 371.
LaTeX Font Info:    Font shape `T1/ptm/bx/it' in size <5> not available
(Font)              Font shape `T1/ptm/b/it' tried instead on input line 371.
LaTeX Font Info:    Font shape `T1/ptm/bx/n' in size <7> not available
(Font)              Font shape `T1/ptm/b/n' tried instead on input line 371.
LaTeX Font Info:    Font shape `T1/ptm/bx/it' in size <7> not available
(Font)              Font shape `T1/ptm/b/it' tried instead on input line 371.
LaTeX Font Info:    Font shape `T1/ptm/bx/n' in size <8> not available
(Font)              Font shape `T1/ptm/b/n' tried instead on input line 371.
LaTeX Font Info:    Font shape `T1/ptm/bx/it' in size <8> not available
(Font)              Font shape `T1/ptm/b/it' tried instead on input line 371.
LaTeX Font Info:    Font shape `T1/ptm/bx/n' in size <9> not available
(Font)              Font shape `T1/ptm/b/n' tried instead on input line 371.
LaTeX Font Info:    Font shape `T1/ptm/bx/it' in size <9> not available
(Font)              Font shape `T1/ptm/b/it' tried instead on input line 371.
LaTeX Font Info:    Font shape `T1/ptm/bx/n' in size <10> not available
(Font)              Font shape `T1/ptm/b/n' tried instead on input line 371.
LaTeX Font Info:    Font shape `T1/ptm/bx/it' in size <10> not available
(Font)              Font shape `T1/ptm/b/it' tried instead on input line 371.
LaTeX Font Info:    Font shape `T1/ptm/bx/n' in size <11> not available
(Font)              Font shape `T1/ptm/b/n' tried instead on input line 371.
LaTeX Font Info:    Font shape `T1/ptm/bx/it' in size <11> not available
(Font)              Font shape `T1/ptm/b/it' tried instead on input line 371.
LaTeX Font Info:    Font shape `T1/ptm/bx/n' in size <12> not available
(Font)              Font shape `T1/ptm/b/n' tried instead on input line 371.
LaTeX Font Info:    Font shape `T1/ptm/bx/it' in size <12> not available
(Font)              Font shape `T1/ptm/b/it' tried instead on input line 371.
LaTeX Font Info:    Font shape `T1/ptm/bx/n' in size <17> not available
(Font)              Font shape `T1/ptm/b/n' tried instead on input line 371.
LaTeX Font Info:    Font shape `T1/ptm/bx/it' in size <17> not available
(Font)              Font shape `T1/ptm/b/it' tried instead on input line 371.
LaTeX Font Info:    Font shape `T1/ptm/bx/n' in size <20> not available
(Font)              Font shape `T1/ptm/b/n' tried instead on input line 371.
LaTeX Font Info:    Font shape `T1/ptm/bx/it' in size <20> not available
(Font)              Font shape `T1/ptm/b/it' tried instead on input line 371.
LaTeX Font Info:    Font shape `T1/ptm/bx/n' in size <24> not available
(Font)              Font shape `T1/ptm/b/n' tried instead on input line 371.
LaTeX Font Info:    Font shape `T1/ptm/bx/it' in size <24> not available
(Font)              Font shape `T1/ptm/b/it' tried instead on input line 371.

(/usr/share/texlive/texmf-dist/tex/context/base/supp-pdf.mkii
[Loading MPS to PDF converter (version 2006.09.02).]
\scratchcounter=\count118
\scratchdimen=\dimen132
\scratchbox=\box31
\nofMPsegments=\count119
\nofMParguments=\count120
\everyMPshowfont=\toks24
\MPscratchCnt=\count121
\MPscratchDim=\dimen133
\MPnumerator=\count122
\makeMPintoPDFobject=\count123
\everyMPtoPDFconversion=\toks25
) (/usr/share/texlive/texmf-dist/tex/generic/oberdiek/pdftexcmds.sty
Package: pdftexcmds 2011/11/29 v0.20 Utility functions of pdfTeX for LuaTeX (HO
)

(/usr/share/texlive/texmf-dist/tex/generic/oberdiek/ifluatex.sty
Package: ifluatex 2010/03/01 v1.3 Provides the ifluatex switch (HO)
Package ifluatex Info: LuaTeX not detected.
)
(/usr/share/texlive/texmf-dist/tex/generic/oberdiek/ifpdf.sty
Package: ifpdf 2011/01/30 v2.3 Provides the ifpdf switch (HO)
Package ifpdf Info: pdfTeX in PDF mode is detected.
)
Package pdftexcmds Info: LuaTeX not detected.
Package pdftexcmds Info: \pdf@primitive is available.
Package pdftexcmds Info: \pdf@ifprimitive is available.
Package pdftexcmds Info: \pdfdraftmode found.
)
(/usr/share/texlive/texmf-dist/tex/latex/oberdiek/epstopdf-base.sty
Package: epstopdf-base 2010/02/09 v2.5 Base part for package epstopdf

(/usr/share/texlive/texmf-dist/tex/latex/oberdiek/grfext.sty
Package: grfext 2010/08/19 v1.1 Manage graphics extensions (HO)

(/usr/share/texlive/texmf-dist/tex/generic/oberdiek/kvdefinekeys.sty
Package: kvdefinekeys 2011/04/07 v1.3 Define keys (HO)
))
(/usr/share/texlive/texmf-dist/tex/latex/oberdiek/kvoptions.sty
Package: kvoptions 2011/06/30 v3.11 Key value format for package options (HO)

(/usr/share/texlive/texmf-dist/tex/generic/oberdiek/kvsetkeys.sty
Package: kvsetkeys 2012/04/25 v1.16 Key value parser (HO)

(/usr/share/texlive/texmf-dist/tex/generic/oberdiek/etexcmds.sty
Package: etexcmds 2011/02/16 v1.5 Avoid name clashes with e-TeX commands (HO)
Package etexcmds Info: Could not find \expanded.
(etexcmds)             That can mean that you are not using pdfTeX 1.50 or
(etexcmds)             that some package has redefined \expanded.
(etexcmds)             In the latter case, load this package earlier.
)))
Package grfext Info: Graphics extension search list:
(grfext)             [.png,.pdf,.jpg,.mps,.jpeg,.jbig2,.jb2,.PNG,.PDF,.JPG,.JPE
G,.JBIG2,.JB2,.eps]
(grfext)             \AppendGraphicsExtensions on input line 452.

(/usr/share/texlive/texmf-dist/tex/latex/latexconfig/epstopdf-sys.cfg
File: epstopdf-sys.cfg 2010/07/13 v1.3 Configuration of (r)epstopdf for TeX Liv
e
))
** ATTENTION: \keywords is deprecated (line 538). Use \IEEEkeywords instead.
[1{/var/lib/texmf/fonts/map/pdftex/updmap/pdftex.map}


]
<Figures/fig0.png, id=9, 604.2575pt x 103.38625pt>
File: Figures/fig0.png Graphic file (type png)
 <use Figures/fig0.png>
Package pdftex.def Info: Figures/fig0.png used on input line 628.
(pdftex.def)             Requested size: 271.91336pt x 46.52338pt.

Overfull \hbox (19.91336pt too wide) in paragraph at lines 628--629
[][] 
 []

Package epstopdf Info: Source file: <Figures/fig1.eps>
(epstopdf)                    date: 2015-03-05 14:47:02
(epstopdf)                    size: 1401243 bytes
(epstopdf)             Output file: <Figures/fig1-eps-converted-to.pdf>
(epstopdf)                    date: 2015-03-08 16:43:16
(epstopdf)                    size: 9015 bytes
(epstopdf)             Command: <repstopdf --outfile=Figures/fig1-eps-converted
-to.pdf Figures/fig1.eps>
(epstopdf)             \includegraphics on input line 640.
Package epstopdf Info: Output file is already uptodate.
<Figures/fig1-eps-converted-to.pdf, id=10, 402.50375pt x 324.21124pt>
File: Figures/fig1-eps-converted-to.pdf Graphic file (type pdf)

<use Figures/fig1-eps-converted-to.pdf>
Package pdftex.def Info: Figures/fig1-eps-converted-to.pdf used on input line 6
40.
(pdftex.def)             Requested size: 160.99864pt x 129.68219pt.
 [2 <./Figures/fig0.png>]
Package epstopdf Info: Source file: <Figures/fig2.eps>
(epstopdf)                    date: 2015-03-05 14:47:19
(epstopdf)                    size: 1379195 bytes
(epstopdf)             Output file: <Figures/fig2-eps-converted-to.pdf>
(epstopdf)                    date: 2015-03-08 16:43:17
(epstopdf)                    size: 10969 bytes
(epstopdf)             Command: <repstopdf --outfile=Figures/fig2-eps-converted
-to.pdf Figures/fig2.eps>
(epstopdf)             \includegraphics on input line 651.
Package epstopdf Info: Output file is already uptodate.

<Figures/fig2-eps-converted-to.pdf, id=15, 401.5pt x 319.1925pt>
File: Figures/fig2-eps-converted-to.pdf Graphic file (type pdf)

<use Figures/fig2-eps-converted-to.pdf>
Package pdftex.def Info: Figures/fig2-eps-converted-to.pdf used on input line 6
51.
(pdftex.def)             Requested size: 160.59715pt x 127.67473pt.
Package epstopdf Info: Source file: <Figures/fig3.eps>
(epstopdf)                    date: 2015-03-05 14:47:40
(epstopdf)                    size: 1422645 bytes
(epstopdf)             Output file: <Figures/fig3-eps-converted-to.pdf>
(epstopdf)                    date: 2015-03-08 16:43:18
(epstopdf)                    size: 12072 bytes
(epstopdf)             Command: <repstopdf --outfile=Figures/fig3-eps-converted
-to.pdf Figures/fig3.eps>
(epstopdf)             \includegraphics on input line 669.
Package epstopdf Info: Output file is already uptodate.

<Figures/fig3-eps-converted-to.pdf, id=16, 411.5375pt x 321.2pt>
File: Figures/fig3-eps-converted-to.pdf Graphic file (type pdf)

<use Figures/fig3-eps-converted-to.pdf>
Package pdftex.def Info: Figures/fig3-eps-converted-to.pdf used on input line 6
69.
(pdftex.def)             Requested size: 164.61208pt x 128.47772pt.
Package epstopdf Info: Source file: <Figures/fig4.eps>
(epstopdf)                    date: 2015-03-05 14:48:03
(epstopdf)                    size: 1421175 bytes
(epstopdf)             Output file: <Figures/fig4-eps-converted-to.pdf>
(epstopdf)                    date: 2015-03-08 16:43:19
(epstopdf)                    size: 8956 bytes
(epstopdf)             Command: <repstopdf --outfile=Figures/fig4-eps-converted
-to.pdf Figures/fig4.eps>
(epstopdf)             \includegraphics on input line 681.
Package epstopdf Info: Output file is already uptodate.

<Figures/fig4-eps-converted-to.pdf, id=17, 412.54124pt x 320.19624pt>
File: Figures/fig4-eps-converted-to.pdf Graphic file (type pdf)

<use Figures/fig4-eps-converted-to.pdf>
Package pdftex.def Info: Figures/fig4-eps-converted-to.pdf used on input line 6
81.
(pdftex.def)             Requested size: 165.01357pt x 128.07622pt.
Package epstopdf Info: Source file: <Figures/architecture.eps>
(epstopdf)                    date: 2015-03-05 14:46:18
(epstopdf)                    size: 7420800 bytes
(epstopdf)             Output file: <Figures/architecture-eps-converted-to.pdf>

(epstopdf)                    date: 2015-03-08 16:43:24
(epstopdf)                    size: 176420 bytes
(epstopdf)             Command: <repstopdf --outfile=Figures/architecture-eps-c
onverted-to.pdf Figures/architecture.eps>
(epstopdf)             \includegraphics on input line 699.
Package epstopdf Info: Output file is already uptodate.

<Figures/architecture-eps-converted-to.pdf, id=18, 1043.9pt x 610.28pt>
File: Figures/architecture-eps-converted-to.pdf Graphic file (type pdf)

<use Figures/architecture-eps-converted-to.pdf>
Package pdftex.def Info: Figures/architecture-eps-converted-to.pdf used on inpu
t line 699.
(pdftex.def)             Requested size: 240.09195pt x 140.36143pt.

<Figures/app2.png, id=19, 682.55pt x 397.485pt>
File: Figures/app2.png Graphic file (type png)
 <use Figures/app2.png>
Package pdftex.def Info: Figures/app2.png used on input line 705.
(pdftex.def)             Requested size: 204.76657pt x 119.24641pt.
 [3 <./Figures/fig1-eps-converted-to.pdf> <./Figures/fig2-eps-converted-to.pdf>
 <./Figures/fig3-eps-converted-to.pdf> <./Figures/fig4-eps-converted-to.pdf>]
Package epstopdf Info: Source file: <Figures/Tableau.eps>
(epstopdf)                    date: 2015-03-05 14:43:32
(epstopdf)                    size: 946385 bytes
(epstopdf)             Output file: <Figures/Tableau-eps-converted-to.pdf>
(epstopdf)                    date: 2015-03-08 16:43:26
(epstopdf)                    size: 13615 bytes
(epstopdf)             Command: <repstopdf --outfile=Figures/Tableau-eps-conver
ted-to.pdf Figures/Tableau.eps>
(epstopdf)             \includegraphics on input line 729.
Package epstopdf Info: Output file is already uptodate.

<Figures/Tableau-eps-converted-to.pdf, id=35, 503.8825pt x 173.64874pt>
File: Figures/Tableau-eps-converted-to.pdf Graphic file (type pdf)

<use Figures/Tableau-eps-converted-to.pdf>
Package pdftex.def Info: Figures/Tableau-eps-converted-to.pdf used on input lin
e 729.
(pdftex.def)             Requested size: 251.94063pt x 86.82416pt.

Overfull \hbox (1.7806pt too wide) in paragraph at lines 728--730
[]|  [] 
 []


LaTeX Warning: Reference `tab:experimentalResearch' on page 4 undefined on inpu
t line 737.

Package epstopdf Info: Source file: <Figures/app3.eps>
(epstopdf)                    date: 2015-03-05 14:45:55
(epstopdf)                    size: 1741508 bytes
(epstopdf)             Output file: <Figures/app3-eps-converted-to.pdf>
(epstopdf)                    date: 2015-03-08 16:43:25
(epstopdf)                    size: 28443 bytes
(epstopdf)             Command: <repstopdf --outfile=Figures/app3-eps-converted
-to.pdf Figures/app3.eps>
(epstopdf)             \includegraphics on input line 757.
Package epstopdf Info: Output file is already uptodate.
<Figures/app3-eps-converted-to.pdf, id=36, 832.10875pt x 537.00626pt>
File: Figures/app3-eps-converted-to.pdf Graphic file (type pdf)

<use Figures/app3-eps-converted-to.pdf>
Package pdftex.def Info: Figures/app3-eps-converted-to.pdf used on input line 7
57.
(pdftex.def)             Requested size: 249.63455pt x 161.10312pt.
Package epstopdf Info: Source file: <Figures/contractions.eps>
(epstopdf)                    date: 2015-03-01 19:37:01
(epstopdf)                    size: 43182 bytes
(epstopdf)             Output file: <Figures/contractions-eps-converted-to.pdf>

(epstopdf)                    date: 2015-03-08 22:08:06
(epstopdf)                    size: 17072 bytes
(epstopdf)             Command: <repstopdf --outfile=Figures/contractions-eps-c
onverted-to.pdf Figures/contractions.eps>
(epstopdf)             \includegraphics on input line 765.
Package epstopdf Info: Output file is already uptodate.

<Figures/contractions-eps-converted-to.pdf, id=37, 578.16pt x 433.62pt>
File: Figures/contractions-eps-converted-to.pdf Graphic file (type pdf)

<use Figures/contractions-eps-converted-to.pdf>
Package pdftex.def Info: Figures/contractions-eps-converted-to.pdf used on inpu
t line 765.
(pdftex.def)             Requested size: 173.44933pt x 130.087pt.
Package epstopdf Info: Source file: <Figures/Roc.eps>
(epstopdf)                    date: 2015-03-01 22:17:27
(epstopdf)                    size: 34745 bytes
(epstopdf)             Output file: <Figures/Roc-eps-converted-to.pdf>
(epstopdf)             Command: <repstopdf --outfile=Figures/Roc-eps-converted-
to.pdf Figures/Roc.eps>
(epstopdf)             \includegraphics on input line 772.
runsystem(repstopdf --outfile=Figures/Roc-eps-converted-to.pdf Figures/Roc.eps)
...executed safely (allowed).

Package epstopdf Info: Result file: <Figures/Roc-eps-converted-to.pdf>
(epstopdf)                    date: 2015-03-08 22:09:01
(epstopdf)                    size: 14243 bytes.

<Figures/Roc-eps-converted-to.pdf, id=38, 433.62pt x 433.62pt>
File: Figures/Roc-eps-converted-to.pdf Graphic file (type pdf)

<use Figures/Roc-eps-converted-to.pdf>
Package pdftex.def Info: Figures/Roc-eps-converted-to.pdf used on input line 77
2.
(pdftex.def)             Requested size: 130.087pt x 130.087pt.
 [4 <./Figures/architecture-eps-converted-to.pdf> <./Figures/app2.png> <./Figur
es/Tableau-eps-converted-to.pdf>]
(./Securcom.bbl)

** Conference Paper **
Before submitting the final camera ready copy, remember to:

 1. Manually equalize the lengths of two columns on the last page
 of your paper;

 2. Ensure that any PostScript and/or PDF output post-processing
 uses only Type 1 fonts and that every step in the generation
 process uses the appropriate paper size.

[5 <./Figures/app3-eps-converted-to.pdf> <./Figures/contractions-eps-converted-
to.pdf> <./Figures/Roc-eps-converted-to.pdf>] (./Securcom.aux)

LaTeX Warning: There were undefined references.

 ) 
Here is how much of TeX's memory you used:
 4839 strings out of 494999
 69687 string characters out of 6180228
 124327 words of memory out of 5000000
 7966 multiletter control sequences out of 15000+600000
 111198 words of font info for 106 fonts, out of 8000000 for 9000
 17 hyphenation exceptions out of 8191
 38i,8n,24p,755b,248s stack positions out of 5000i,500n,10000p,200000b,80000s
{/usr/share/texlive/texmf-dist/fonts/enc/dvips/base/8r.enc}</usr/share/texliv
e/texmf-dist/fonts/type1/urw/times/utmb8a.pfb></usr/share/texlive/texmf-dist/fo
nts/type1/urw/times/utmbi8a.pfb></usr/share/texlive/texmf-dist/fonts/type1/urw/
times/utmr8a.pfb></usr/share/texlive/texmf-dist/fonts/type1/urw/times/utmri8a.p
fb>
Output written on Securcom.pdf (5 pages, 786016 bytes).
PDF statistics:
 73 PDF objects out of 1000 (max. 8388607)
 43 compressed objects within 1 object stream
 0 named destinations out of 1000 (max. 500000)
 56 words of extra memory for PDF output out of 10000 (max. 10000000)

